#
# There is insufficient memory for the Java Runtime Environment to continue.
# Native memory allocation (mmap) failed to map 264241152 bytes for Failed to commit area from 0x0000000704a00000 to 0x0000000714600000 of length 264241152.
# Possible reasons:
#   The system is out of physical RAM or swap space
#   The process is running with CompressedOops enabled, and the Java Heap may be blocking the growth of the native heap
# Possible solutions:
#   Reduce memory load on the system
#   Increase physical memory or swap space
#   Check if swap backing store is full
#   Decrease Java heap size (-Xmx/-Xms)
#   Decrease number of Java threads
#   Decrease Java thread stack sizes (-Xss)
#   Set larger code cache with -XX:ReservedCodeCacheSize=
# This output file may be truncated or incomplete.
#
#  Out of Memory Error (./src/hotspot/os/windows/os_windows.cpp:3619), pid=18908, tid=12220
#
# JRE version:  (11.0.13+7) (build )
# Java VM: OpenJDK 64-Bit Server VM (11.0.13+7-b1751.25, mixed mode, sharing, tiered, compressed oops, g1 gc, windows-amd64)
# No core dump will be written. Minidumps are not enabled by default on client versions of Windows
#

---------------  S U M M A R Y ------------

Command Line: git4idea.http.GitAskPassApp Username for 'https://github.com': 

Host: Intel(R) Core(TM) i7-8565U CPU @ 1.80GHz, 8 cores, 15G,  Windows 10 , 64 bit Build 19041 (10.0.19041.1706)
Time: Sun Jun 12 03:56:40 2022 Turkey Standard Time elapsed time: 0.028495 seconds (0d 0h 0m 0s)

---------------  T H R E A D  ---------------

Current thread (0x000001dd66d7a000):  JavaThread "Unknown thread" [_thread_in_vm, id=12220, stack(0x0000006a53300000,0x0000006a53400000)]

Stack: [0x0000006a53300000,0x0000006a53400000]
Native frames: (J=compiled Java code, j=interpreted, Vv=VM code, C=native code)
V  [jvm.dll+0x613daa]
V  [jvm.dll+0x799b30]
V  [jvm.dll+0x79b14d]
V  [jvm.dll+0x79b823]
V  [jvm.dll+0x24c958]
V  [jvm.dll+0x610e24]
V  [jvm.dll+0x605b25]
V  [jvm.dll+0x30aaab]
V  [jvm.dll+0x30aa1a]
V  [jvm.dll+0x30a8f2]
V  [jvm.dll+0x30f856]
V  [jvm.dll+0x359143]
V  [jvm.dll+0x359846]
V  [jvm.dll+0x359243]
V  [jvm.dll+0x2e57a8]
V  [jvm.dll+0x2e6947]
V  [jvm.dll+0x776d47]
V  [jvm.dll+0x77853c]
V  [jvm.dll+0x3666c9]
V  [jvm.dll+0x75a9ce]
V  [jvm.dll+0x3d47d3]
V  [jvm.dll+0x3d6d21]
C  [jli.dll+0x536b]
C  [ucrtbase.dll+0x21bb2]
C  [KERNEL32.DLL+0x17034]
C  [ntdll.dll+0x52651]


---------------  P R O C E S S  ---------------

Threads class SMR info:
_java_thread_list=0x000001dd66af05d0, length=0, elements={
}

Java Threads: ( => current thread )

Other Threads:
  0x000001dd66d92000 GCTaskThread "GC Thread#0" [stack: 0x0000006a53400000,0x0000006a53500000] [id=16716]
  0x000001dd66def800 ConcurrentGCThread "G1 Main Marker" [stack: 0x0000006a53500000,0x0000006a53600000] [id=28696]
  0x000001dd66df2000 ConcurrentGCThread "G1 Conc#0" [stack: 0x0000006a53600000,0x0000006a53700000] [id=27992]

[error occurred during error reporting (printing all threads), id 0xc0000005, EXCEPTION_ACCESS_VIOLATION (0xc0000005) at pc=0x00007ffc7e3e5c97]

VM state:not at safepoint (not fully initialized)

VM Mutex/Monitor currently owned by a thread:  ([mutex/lock_event])
[0x000001dd66d75d00] Heap_lock - owner thread: 0x000001dd66d7a000

Heap address: 0x0000000704a00000, size: 4022 MB, Compressed Oops mode: Non-zero based: 0x0000000704a00000
Narrow klass base: 0x0000000000000000, Narrow klass shift: 0

GC Heap History (0 events):
No events

Deoptimization events (0 events):
No events

Classes redefined (0 events):
No events

Internal exceptions (0 events):
No events

Events (1 events):
Event: 0.019 Loaded shared library C:\Program Files\JetBrains\PhpStorm 2021.3.2\jbr\bin\zip.dll


Dynamic libraries:
0x00007ff75a9d0000 - 0x00007ff75a9da000 	C:\Program Files\JetBrains\PhpStorm 2021.3.2\jbr\bin\java.exe
0x00007ffcd3850000 - 0x00007ffcd3a45000 	C:\WINDOWS\SYSTEM32\ntdll.dll
0x00007ffcd1ec0000 - 0x00007ffcd1f7d000 	C:\WINDOWS\System32\KERNEL32.DLL
0x00007ffcd10f0000 - 0x00007ffcd13bd000 	C:\WINDOWS\System32\KERNELBASE.dll
0x00007ffcd1710000 - 0x00007ffcd1810000 	C:\WINDOWS\System32\ucrtbase.dll
0x00007ffcbfcf0000 - 0x00007ffcbfd07000 	C:\Program Files\JetBrains\PhpStorm 2021.3.2\jbr\bin\VCRUNTIME140.dll
0x00007ffcbfa50000 - 0x00007ffcbfa69000 	C:\Program Files\JetBrains\PhpStorm 2021.3.2\jbr\bin\jli.dll
0x00007ffcd1c70000 - 0x00007ffcd1e10000 	C:\WINDOWS\System32\USER32.dll
0x00007ffcd16e0000 - 0x00007ffcd1702000 	C:\WINDOWS\System32\win32u.dll
0x00007ffcb3090000 - 0x00007ffcb332a000 	C:\WINDOWS\WinSxS\amd64_microsoft.windows.common-controls_6595b64144ccf1df_6.0.19041.1110_none_60b5254171f9507e\COMCTL32.dll
0x00007ffcd1e10000 - 0x00007ffcd1e3a000 	C:\WINDOWS\System32\GDI32.dll
0x00007ffcd18a0000 - 0x00007ffcd193e000 	C:\WINDOWS\System32\msvcrt.dll
0x00007ffcd0fb0000 - 0x00007ffcd10bb000 	C:\WINDOWS\System32\gdi32full.dll
0x00007ffcd1590000 - 0x00007ffcd162d000 	C:\WINDOWS\System32\msvcp_win.dll
0x00007ffcd2c70000 - 0x00007ffcd2ca0000 	C:\WINDOWS\System32\IMM32.DLL
0x00007ffcb61a0000 - 0x00007ffcb623d000 	C:\Program Files\JetBrains\PhpStorm 2021.3.2\jbr\bin\msvcp140.dll
0x00007ffc7e0f0000 - 0x00007ffc7ec66000 	C:\Program Files\JetBrains\PhpStorm 2021.3.2\jbr\bin\server\jvm.dll
0x00007ffcd2bc0000 - 0x00007ffcd2c6e000 	C:\WINDOWS\System32\ADVAPI32.dll
0x00007ffcd28d0000 - 0x00007ffcd296c000 	C:\WINDOWS\System32\sechost.dll
0x00007ffcd1a90000 - 0x00007ffcd1bb5000 	C:\WINDOWS\System32\RPCRT4.dll
0x00007ffcd2aa0000 - 0x00007ffcd2aa8000 	C:\WINDOWS\System32\PSAPI.DLL
0x00007ffcb8340000 - 0x00007ffcb8349000 	C:\WINDOWS\SYSTEM32\WSOCK32.dll
0x00007ffcb6dc0000 - 0x00007ffcb6de7000 	C:\WINDOWS\SYSTEM32\WINMM.dll
0x00007ffcd2860000 - 0x00007ffcd28cb000 	C:\WINDOWS\System32\WS2_32.dll
0x00007ffcca1d0000 - 0x00007ffcca1da000 	C:\WINDOWS\SYSTEM32\VERSION.dll
0x00007ffccee40000 - 0x00007ffccee52000 	C:\WINDOWS\SYSTEM32\kernel.appcore.dll
0x00007ffc9e640000 - 0x00007ffc9e651000 	C:\Program Files\JetBrains\PhpStorm 2021.3.2\jbr\bin\verify.dll
0x00007ffcc3350000 - 0x00007ffcc3534000 	C:\WINDOWS\SYSTEM32\DBGHELP.DLL
0x00007ffcbbc20000 - 0x00007ffcbbc4c000 	C:\WINDOWS\SYSTEM32\dbgcore.DLL
0x00007ffcd1810000 - 0x00007ffcd1892000 	C:\WINDOWS\System32\bcryptPrimitives.dll
0x00007ffc9e420000 - 0x00007ffc9e449000 	C:\Program Files\JetBrains\PhpStorm 2021.3.2\jbr\bin\java.dll
0x00007ffc9e410000 - 0x00007ffc9e41b000 	C:\Program Files\JetBrains\PhpStorm 2021.3.2\jbr\bin\jimage.dll
0x00007ffc9e3f0000 - 0x00007ffc9e408000 	C:\Program Files\JetBrains\PhpStorm 2021.3.2\jbr\bin\zip.dll

dbghelp: loaded successfully - version: 4.0.5 - missing functions: none
symbol engine: initialized successfully - sym options: 0x614 - pdb path: .;C:\Program Files\JetBrains\PhpStorm 2021.3.2\jbr\bin;C:\WINDOWS\SYSTEM32;C:\WINDOWS\WinSxS\amd64_microsoft.windows.common-controls_6595b64144ccf1df_6.0.19041.1110_none_60b5254171f9507e;C:\Program Files\JetBrains\PhpStorm 2021.3.2\jbr\bin\server

VM Arguments:
java_command: git4idea.http.GitAskPassApp Username for 'https://github.com': 
java_class_path (initial): C:/Program Files/JetBrains/PhpStorm 2021.3.2/plugins/git4idea/lib/git4idea-rt.jar;C:/Program Files/JetBrains/PhpStorm 2021.3.2/lib/3rd-party.jar;C:/Program Files/JetBrains/PhpStorm 2021.3.2/lib/3rd-party-rt.jar
Launcher Type: SUN_STANDARD

[Global flags]
     intx CICompilerCount                          = 4                                         {product} {ergonomic}
     uint ConcGCThreads                            = 2                                         {product} {ergonomic}
     uint G1ConcRefinementThreads                  = 8                                         {product} {ergonomic}
   size_t G1HeapRegionSize                         = 1048576                                   {product} {ergonomic}
    uintx GCDrainStackTargetSize                   = 64                                        {product} {ergonomic}
   size_t InitialHeapSize                          = 264241152                                 {product} {ergonomic}
   size_t MarkStackSize                            = 4194304                                   {product} {ergonomic}
   size_t MaxHeapSize                              = 4217372672                                {product} {ergonomic}
   size_t MinHeapDeltaBytes                        = 1048576                                   {product} {ergonomic}
    uintx NonNMethodCodeHeapSize                   = 5836300                                {pd product} {ergonomic}
    uintx NonProfiledCodeHeapSize                  = 122910970                              {pd product} {ergonomic}
    uintx ProfiledCodeHeapSize                     = 122910970                              {pd product} {ergonomic}
    uintx ReservedCodeCacheSize                    = 251658240                              {pd product} {ergonomic}
     bool SegmentedCodeCache                       = true                                      {product} {ergonomic}
     bool UseCompressedClassPointers               = true                                 {lp64_product} {ergonomic}
     bool UseCompressedOops                        = true                                 {lp64_product} {ergonomic}
     bool UseG1GC                                  = true                                      {product} {ergonomic}
     bool UseLargePagesIndividualAllocation        = false                                  {pd product} {ergonomic}

Logging:
Log output configuration:
 #0: stdout all=warning uptime,level,tags
 #1: stderr all=off uptime,level,tags

Environment Variables:
PATH=C:\Program Files\Git\mingw64\libexec\git-core;C:\Program Files\Git\mingw64\libexec\git-core;C:\Program Files\Git\mingw64\bin;C:\Program Files\Git\usr\bin;C:\Users\rolak\bin;C:\WINDOWS\system32;C:\WINDOWS;C:\WINDOWS\System32\Wbem;C:\WINDOWS\System32\WindowsPowerShell\v1.0;C:\WINDOWS\System32\OpenSSH;C:\Program Files\nodejs;C:\xampp\php;C:\ProgramData\ComposerSetup\bin;C:\Program Files\Git\cmd;C:\Users\rolak\AppData\Local\Microsoft\WindowsApps;C:\Users\rolak\AppData\Local\Programs\Microsoft VS Code\bin;C:\Users\rolak\AppData\Roaming\npm;C:\Users\rolak\AppData\Roaming\Composer\vendor\bin
USERNAME=rolak
DISPLAY=:0.0
LC_ALL=en_US.UTF-8
OS=Windows_NT
PROCESSOR_IDENTIFIER=Intel64 Family 6 Model 142 Stepping 11, GenuineIntel



---------------  S Y S T E M  ---------------

OS: Windows 10 , 64 bit Build 19041 (10.0.19041.1706)
OS uptime: 23 days 2:43 hours

CPU:total 8 (initial active 8) (4 cores per cpu, 2 threads per core) family 6 model 142 stepping 11 microcode 0xd6, cmov, cx8, fxsr, mmx, sse, sse2, sse3, ssse3, sse4.1, sse4.2, popcnt, avx, avx2, aes, clmul, erms, 3dnowpref, lzcnt, ht, tsc, tscinvbit, bmi1, bmi2, adx, fma

Memory: 4k page, system-wide physical 16085M (4027M free)
TotalPageFile size 65212M (AvailPageFile size 193M)
current process WorkingSet (physical memory assigned to process): 10M, peak: 10M
current process commit charge ("private bytes"): 60M, peak: 312M

vm_info: OpenJDK 64-Bit Server VM (11.0.13+7-b1751.25) for windows-amd64 JRE (11.0.13+7-b1751.25), built on Jan 13 2022 20:47:27 by "" with MS VC++ 14.0 (VS2015)

END.
